{"/Users/cflores/Sites/fishBrain/src/bigFish.js": {"path":"/Users/cflores/Sites/fishBrain/src/bigFish.js","statementMap":{"0":{"start":{"line":1,"column":56},"end":{"line":1,"column":69}},"1":{"start":{"line":2,"column":26},"end":{"line":2,"column":42}},"2":{"start":{"line":3,"column":15},"end":{"line":3,"column":33}},"3":{"start":{"line":5,"column":20},"end":{"line":22,"column":5}},"4":{"start":{"line":6,"column":18},"end":{"line":6,"column":46}},"5":{"start":{"line":7,"column":2},"end":{"line":21,"column":8}},"6":{"start":{"line":9,"column":6},"end":{"line":13,"column":7}},"7":{"start":{"line":10,"column":8},"end":{"line":10,"column":41}},"8":{"start":{"line":12,"column":8},"end":{"line":12,"column":28}},"9":{"start":{"line":16,"column":18},"end":{"line":16,"column":40}},"10":{"start":{"line":17,"column":6},"end":{"line":17,"column":39}},"11":{"start":{"line":19,"column":29},"end":{"line":19,"column":90}},"12":{"start":{"line":20,"column":26},"end":{"line":20,"column":51}},"13":{"start":{"line":24,"column":20},"end":{"line":29,"column":1}},"14":{"start":{"line":25,"column":2},"end":{"line":27,"column":3}},"15":{"start":{"line":26,"column":4},"end":{"line":26,"column":73}},"16":{"start":{"line":28,"column":2},"end":{"line":28,"column":11}},"17":{"start":{"line":31,"column":16},"end":{"line":43,"column":1}},"18":{"start":{"line":32,"column":17},"end":{"line":32,"column":42}},"19":{"start":{"line":33,"column":2},"end":{"line":33,"column":31}},"20":{"start":{"line":33,"column":20},"end":{"line":33,"column":31}},"21":{"start":{"line":34,"column":17},"end":{"line":34,"column":19}},"22":{"start":{"line":35,"column":2},"end":{"line":35,"column":40}},"23":{"start":{"line":36,"column":2},"end":{"line":36,"column":34}},"24":{"start":{"line":37,"column":14},"end":{"line":37,"column":66}},"25":{"start":{"line":37,"column":33},"end":{"line":37,"column":65}},"26":{"start":{"line":38,"column":2},"end":{"line":42,"column":3}},"27":{"start":{"line":39,"column":4},"end":{"line":39,"column":41}},"28":{"start":{"line":41,"column":4},"end":{"line":41,"column":14}},"29":{"start":{"line":45,"column":17},"end":{"line":56,"column":1}},"30":{"start":{"line":46,"column":14},"end":{"line":46,"column":41}},"31":{"start":{"line":47,"column":17},"end":{"line":53,"column":4}},"32":{"start":{"line":48,"column":4},"end":{"line":52,"column":5}},"33":{"start":{"line":49,"column":6},"end":{"line":49,"column":28}},"34":{"start":{"line":51,"column":6},"end":{"line":51,"column":17}},"35":{"start":{"line":54,"column":2},"end":{"line":54,"column":79}},"36":{"start":{"line":54,"column":37},"end":{"line":54,"column":79}},"37":{"start":{"line":55,"column":2},"end":{"line":55,"column":15}},"38":{"start":{"line":58,"column":0},"end":{"line":63,"column":1}}},"fnMap":{"0":{"name":"(anonymous_0)","decl":{"start":{"line":5,"column":26},"end":{"line":5,"column":27}},"loc":{"start":{"line":5,"column":52},"end":{"line":22,"column":1}},"line":5},"1":{"name":"(anonymous_1)","decl":{"start":{"line":8,"column":15},"end":{"line":8,"column":16}},"loc":{"start":{"line":8,"column":29},"end":{"line":14,"column":5}},"line":8},"2":{"name":"(anonymous_2)","decl":{"start":{"line":15,"column":14},"end":{"line":15,"column":15}},"loc":{"start":{"line":15,"column":28},"end":{"line":18,"column":5}},"line":15},"3":{"name":"(anonymous_3)","decl":{"start":{"line":19,"column":15},"end":{"line":19,"column":16}},"loc":{"start":{"line":19,"column":29},"end":{"line":19,"column":90}},"line":19},"4":{"name":"(anonymous_4)","decl":{"start":{"line":20,"column":12},"end":{"line":20,"column":13}},"loc":{"start":{"line":20,"column":26},"end":{"line":20,"column":51}},"line":20},"5":{"name":"(anonymous_5)","decl":{"start":{"line":24,"column":20},"end":{"line":24,"column":21}},"loc":{"start":{"line":24,"column":34},"end":{"line":29,"column":1}},"line":24},"6":{"name":"(anonymous_6)","decl":{"start":{"line":31,"column":16},"end":{"line":31,"column":17}},"loc":{"start":{"line":31,"column":44},"end":{"line":43,"column":1}},"line":31},"7":{"name":"(anonymous_7)","decl":{"start":{"line":37,"column":26},"end":{"line":37,"column":27}},"loc":{"start":{"line":37,"column":33},"end":{"line":37,"column":65}},"line":37},"8":{"name":"(anonymous_8)","decl":{"start":{"line":45,"column":17},"end":{"line":45,"column":18}},"loc":{"start":{"line":45,"column":39},"end":{"line":56,"column":1}},"line":45},"9":{"name":"(anonymous_9)","decl":{"start":{"line":47,"column":29},"end":{"line":47,"column":30}},"loc":{"start":{"line":47,"column":36},"end":{"line":53,"column":3}},"line":47}},"branchMap":{"0":{"loc":{"start":{"line":9,"column":6},"end":{"line":13,"column":7}},"type":"if","locations":[{"start":{"line":9,"column":6},"end":{"line":13,"column":7}},{"start":{"line":9,"column":6},"end":{"line":13,"column":7}}],"line":9},"1":{"loc":{"start":{"line":25,"column":2},"end":{"line":27,"column":3}},"type":"if","locations":[{"start":{"line":25,"column":2},"end":{"line":27,"column":3}},{"start":{"line":25,"column":2},"end":{"line":27,"column":3}}],"line":25},"2":{"loc":{"start":{"line":26,"column":22},"end":{"line":26,"column":72}},"type":"binary-expr","locations":[{"start":{"line":26,"column":22},"end":{"line":26,"column":64}},{"start":{"line":26,"column":68},"end":{"line":26,"column":72}}],"line":26},"3":{"loc":{"start":{"line":31,"column":30},"end":{"line":31,"column":39}},"type":"default-arg","locations":[{"start":{"line":31,"column":38},"end":{"line":31,"column":39}}],"line":31},"4":{"loc":{"start":{"line":33,"column":2},"end":{"line":33,"column":31}},"type":"if","locations":[{"start":{"line":33,"column":2},"end":{"line":33,"column":31}},{"start":{"line":33,"column":2},"end":{"line":33,"column":31}}],"line":33},"5":{"loc":{"start":{"line":38,"column":2},"end":{"line":42,"column":3}},"type":"if","locations":[{"start":{"line":38,"column":2},"end":{"line":42,"column":3}},{"start":{"line":38,"column":2},"end":{"line":42,"column":3}}],"line":38},"6":{"loc":{"start":{"line":48,"column":4},"end":{"line":52,"column":5}},"type":"if","locations":[{"start":{"line":48,"column":4},"end":{"line":52,"column":5}},{"start":{"line":48,"column":4},"end":{"line":52,"column":5}}],"line":48},"7":{"loc":{"start":{"line":54,"column":2},"end":{"line":54,"column":79}},"type":"if","locations":[{"start":{"line":54,"column":2},"end":{"line":54,"column":79}},{"start":{"line":54,"column":2},"end":{"line":54,"column":79}}],"line":54}},"s":{"0":2,"1":2,"2":2,"3":2,"4":3,"5":3,"6":3,"7":1,"8":2,"9":3,"10":3,"11":3,"12":3,"13":2,"14":5,"15":4,"16":1,"17":2,"18":23,"19":23,"20":7,"21":16,"22":16,"23":16,"24":16,"25":26,"26":16,"27":8,"28":8,"29":2,"30":13,"31":13,"32":25,"33":1,"34":24,"35":13,"36":1,"37":13,"38":2},"f":{"0":3,"1":3,"2":3,"3":3,"4":3,"5":5,"6":23,"7":26,"8":13,"9":25},"b":{"0":[1,2],"1":[4,1],"2":[4,1],"3":[15],"4":[7,16],"5":[8,8],"6":[1,24],"7":[1,12]},"_coverageSchema":"332fd63041d2c1bcb487cc26dd0d5f7d97098a6c","hash":"8187507cf58198d4d81a50b9497d7ebda1d1228b"}
,"/Users/cflores/Sites/fishBrain/src/main.js": {"path":"/Users/cflores/Sites/fishBrain/src/main.js","statementMap":{"0":{"start":{"line":1,"column":15},"end":{"line":1,"column":33}},"1":{"start":{"line":2,"column":56},"end":{"line":2,"column":76}},"2":{"start":{"line":3,"column":13},"end":{"line":3,"column":28}},"3":{"start":{"line":7,"column":4},"end":{"line":7,"column":50}},"4":{"start":{"line":8,"column":4},"end":{"line":8,"column":43}},"5":{"start":{"line":11,"column":17},"end":{"line":11,"column":21}},"6":{"start":{"line":12,"column":4},"end":{"line":28,"column":5}},"7":{"start":{"line":13,"column":23},"end":{"line":13,"column":67}},"8":{"start":{"line":13,"column":50},"end":{"line":13,"column":66}},"9":{"start":{"line":14,"column":6},"end":{"line":24,"column":7}},"10":{"start":{"line":15,"column":8},"end":{"line":15,"column":49}},"11":{"start":{"line":16,"column":8},"end":{"line":16,"column":31}},"12":{"start":{"line":18,"column":25},"end":{"line":18,"column":97}},"13":{"start":{"line":18,"column":78},"end":{"line":18,"column":94}},"14":{"start":{"line":19,"column":8},"end":{"line":19,"column":74}},"15":{"start":{"line":20,"column":8},"end":{"line":23,"column":10}},"16":{"start":{"line":21,"column":10},"end":{"line":21,"column":51}},"17":{"start":{"line":21,"column":36},"end":{"line":21,"column":51}},"18":{"start":{"line":22,"column":10},"end":{"line":22,"column":20}},"19":{"start":{"line":26,"column":6},"end":{"line":26,"column":79}},"20":{"start":{"line":27,"column":6},"end":{"line":27,"column":29}},"21":{"start":{"line":29,"column":4},"end":{"line":29,"column":65}},"22":{"start":{"line":30,"column":4},"end":{"line":30,"column":21}},"23":{"start":{"line":33,"column":18},"end":{"line":33,"column":65}},"24":{"start":{"line":34,"column":17},"end":{"line":34,"column":38}},"25":{"start":{"line":35,"column":4},"end":{"line":35,"column":72}},"26":{"start":{"line":35,"column":33},"end":{"line":35,"column":72}},"27":{"start":{"line":36,"column":4},"end":{"line":42,"column":6}},"28":{"start":{"line":37,"column":18},"end":{"line":37,"column":20}},"29":{"start":{"line":38,"column":6},"end":{"line":40,"column":8}},"30":{"start":{"line":39,"column":8},"end":{"line":39,"column":23}},"31":{"start":{"line":41,"column":6},"end":{"line":41,"column":16}},"32":{"start":{"line":45,"column":4},"end":{"line":45,"column":47}},"33":{"start":{"line":45,"column":41},"end":{"line":45,"column":47}},"34":{"start":{"line":46,"column":21},"end":{"line":46,"column":67}},"35":{"start":{"line":46,"column":59},"end":{"line":46,"column":66}},"36":{"start":{"line":47,"column":4},"end":{"line":47,"column":75}},"37":{"start":{"line":47,"column":42},"end":{"line":47,"column":74}},"38":{"start":{"line":48,"column":4},"end":{"line":48,"column":65}},"39":{"start":{"line":51,"column":4},"end":{"line":51,"column":19}},"40":{"start":{"line":52,"column":4},"end":{"line":52,"column":65}},"41":{"start":{"line":56,"column":0},"end":{"line":56,"column":22}}},"fnMap":{"0":{"name":"(anonymous_0)","decl":{"start":{"line":6,"column":2},"end":{"line":6,"column":3}},"loc":{"start":{"line":6,"column":25},"end":{"line":9,"column":3}},"line":6},"1":{"name":"(anonymous_1)","decl":{"start":{"line":10,"column":2},"end":{"line":10,"column":3}},"loc":{"start":{"line":10,"column":13},"end":{"line":31,"column":3}},"line":10},"2":{"name":"(anonymous_2)","decl":{"start":{"line":13,"column":39},"end":{"line":13,"column":40}},"loc":{"start":{"line":13,"column":50},"end":{"line":13,"column":66}},"line":13},"3":{"name":"(anonymous_3)","decl":{"start":{"line":18,"column":67},"end":{"line":18,"column":68}},"loc":{"start":{"line":18,"column":78},"end":{"line":18,"column":94}},"line":18},"4":{"name":"(anonymous_4)","decl":{"start":{"line":20,"column":36},"end":{"line":20,"column":37}},"loc":{"start":{"line":20,"column":43},"end":{"line":23,"column":9}},"line":20},"5":{"name":"(anonymous_5)","decl":{"start":{"line":32,"column":2},"end":{"line":32,"column":3}},"loc":{"start":{"line":32,"column":31},"end":{"line":43,"column":3}},"line":32},"6":{"name":"(anonymous_6)","decl":{"start":{"line":36,"column":20},"end":{"line":36,"column":21}},"loc":{"start":{"line":36,"column":27},"end":{"line":42,"column":5}},"line":36},"7":{"name":"(anonymous_7)","decl":{"start":{"line":38,"column":25},"end":{"line":38,"column":26}},"loc":{"start":{"line":38,"column":30},"end":{"line":40,"column":7}},"line":38},"8":{"name":"(anonymous_8)","decl":{"start":{"line":44,"column":2},"end":{"line":44,"column":3}},"loc":{"start":{"line":44,"column":19},"end":{"line":49,"column":3}},"line":44},"9":{"name":"(anonymous_9)","decl":{"start":{"line":46,"column":52},"end":{"line":46,"column":53}},"loc":{"start":{"line":46,"column":59},"end":{"line":46,"column":66}},"line":46},"10":{"name":"(anonymous_10)","decl":{"start":{"line":47,"column":35},"end":{"line":47,"column":36}},"loc":{"start":{"line":47,"column":42},"end":{"line":47,"column":74}},"line":47},"11":{"name":"(anonymous_11)","decl":{"start":{"line":50,"column":2},"end":{"line":50,"column":3}},"loc":{"start":{"line":50,"column":11},"end":{"line":53,"column":3}},"line":50}},"branchMap":{"0":{"loc":{"start":{"line":12,"column":4},"end":{"line":28,"column":5}},"type":"if","locations":[{"start":{"line":12,"column":4},"end":{"line":28,"column":5}},{"start":{"line":12,"column":4},"end":{"line":28,"column":5}}],"line":12},"1":{"loc":{"start":{"line":14,"column":6},"end":{"line":24,"column":7}},"type":"if","locations":[{"start":{"line":14,"column":6},"end":{"line":24,"column":7}},{"start":{"line":14,"column":6},"end":{"line":24,"column":7}}],"line":14},"2":{"loc":{"start":{"line":21,"column":10},"end":{"line":21,"column":51}},"type":"if","locations":[{"start":{"line":21,"column":10},"end":{"line":21,"column":51}},{"start":{"line":21,"column":10},"end":{"line":21,"column":51}}],"line":21},"3":{"loc":{"start":{"line":32,"column":14},"end":{"line":32,"column":29}},"type":"default-arg","locations":[{"start":{"line":32,"column":27},"end":{"line":32,"column":29}}],"line":32},"4":{"loc":{"start":{"line":35,"column":4},"end":{"line":35,"column":72}},"type":"if","locations":[{"start":{"line":35,"column":4},"end":{"line":35,"column":72}},{"start":{"line":35,"column":4},"end":{"line":35,"column":72}}],"line":35},"5":{"loc":{"start":{"line":44,"column":7},"end":{"line":44,"column":17}},"type":"default-arg","locations":[{"start":{"line":44,"column":15},"end":{"line":44,"column":17}}],"line":44},"6":{"loc":{"start":{"line":45,"column":4},"end":{"line":45,"column":47}},"type":"if","locations":[{"start":{"line":45,"column":4},"end":{"line":45,"column":47}},{"start":{"line":45,"column":4},"end":{"line":45,"column":47}}],"line":45}},"s":{"0":1,"1":1,"2":1,"3":1,"4":1,"5":4,"6":4,"7":2,"8":4,"9":2,"10":1,"11":1,"12":1,"13":2,"14":1,"15":1,"16":2,"17":1,"18":1,"19":2,"20":2,"21":4,"22":4,"23":11,"24":11,"25":11,"26":10,"27":1,"28":1,"29":1,"30":1,"31":1,"32":3,"33":2,"34":1,"35":1,"36":1,"37":3,"38":1,"39":1,"40":1,"41":1},"f":{"0":1,"1":4,"2":4,"3":2,"4":2,"5":11,"6":1,"7":1,"8":3,"9":1,"10":3,"11":1},"b":{"0":[2,2],"1":[1,1],"2":[1,1],"3":[10],"4":[10,1],"5":[1],"6":[2,1]},"_coverageSchema":"332fd63041d2c1bcb487cc26dd0d5f7d97098a6c","hash":"d0db5d31d89fa2a6531a62ff243c47679e971bc2"}
}
