{"/Users/cflores/Sites/fishBrain/src/bigFish.js": {"path":"/Users/cflores/Sites/fishBrain/src/bigFish.js","statementMap":{"0":{"start":{"line":1,"column":56},"end":{"line":1,"column":69}},"1":{"start":{"line":2,"column":26},"end":{"line":2,"column":42}},"2":{"start":{"line":3,"column":15},"end":{"line":3,"column":33}},"3":{"start":{"line":5,"column":20},"end":{"line":26,"column":5}},"4":{"start":{"line":6,"column":2},"end":{"line":9,"column":3}},"5":{"start":{"line":7,"column":4},"end":{"line":7,"column":8}},"6":{"start":{"line":8,"column":4},"end":{"line":8,"column":10}},"7":{"start":{"line":10,"column":18},"end":{"line":10,"column":46}},"8":{"start":{"line":11,"column":2},"end":{"line":25,"column":8}},"9":{"start":{"line":13,"column":6},"end":{"line":17,"column":7}},"10":{"start":{"line":14,"column":8},"end":{"line":14,"column":41}},"11":{"start":{"line":16,"column":8},"end":{"line":16,"column":28}},"12":{"start":{"line":20,"column":18},"end":{"line":20,"column":40}},"13":{"start":{"line":21,"column":6},"end":{"line":21,"column":39}},"14":{"start":{"line":23,"column":29},"end":{"line":23,"column":80}},"15":{"start":{"line":24,"column":26},"end":{"line":24,"column":51}},"16":{"start":{"line":28,"column":20},"end":{"line":34,"column":1}},"17":{"start":{"line":29,"column":2},"end":{"line":29,"column":38}},"18":{"start":{"line":29,"column":29},"end":{"line":29,"column":38}},"19":{"start":{"line":30,"column":2},"end":{"line":32,"column":3}},"20":{"start":{"line":31,"column":4},"end":{"line":31,"column":73}},"21":{"start":{"line":33,"column":2},"end":{"line":33,"column":11}},"22":{"start":{"line":36,"column":16},"end":{"line":48,"column":1}},"23":{"start":{"line":37,"column":17},"end":{"line":37,"column":42}},"24":{"start":{"line":38,"column":2},"end":{"line":38,"column":31}},"25":{"start":{"line":38,"column":20},"end":{"line":38,"column":31}},"26":{"start":{"line":39,"column":17},"end":{"line":39,"column":19}},"27":{"start":{"line":40,"column":2},"end":{"line":40,"column":40}},"28":{"start":{"line":41,"column":2},"end":{"line":41,"column":34}},"29":{"start":{"line":42,"column":14},"end":{"line":42,"column":66}},"30":{"start":{"line":42,"column":33},"end":{"line":42,"column":65}},"31":{"start":{"line":43,"column":2},"end":{"line":47,"column":3}},"32":{"start":{"line":44,"column":4},"end":{"line":44,"column":41}},"33":{"start":{"line":46,"column":4},"end":{"line":46,"column":14}},"34":{"start":{"line":50,"column":17},"end":{"line":61,"column":1}},"35":{"start":{"line":51,"column":14},"end":{"line":51,"column":41}},"36":{"start":{"line":52,"column":17},"end":{"line":58,"column":4}},"37":{"start":{"line":53,"column":4},"end":{"line":57,"column":5}},"38":{"start":{"line":54,"column":6},"end":{"line":54,"column":28}},"39":{"start":{"line":56,"column":6},"end":{"line":56,"column":17}},"40":{"start":{"line":59,"column":2},"end":{"line":59,"column":79}},"41":{"start":{"line":59,"column":37},"end":{"line":59,"column":79}},"42":{"start":{"line":60,"column":2},"end":{"line":60,"column":15}},"43":{"start":{"line":63,"column":20},"end":{"line":72,"column":1}},"44":{"start":{"line":64,"column":2},"end":{"line":64,"column":29}},"45":{"start":{"line":64,"column":17},"end":{"line":64,"column":29}},"46":{"start":{"line":65,"column":2},"end":{"line":71,"column":4}},"47":{"start":{"line":66,"column":4},"end":{"line":70,"column":5}},"48":{"start":{"line":74,"column":0},"end":{"line":80,"column":1}}},"fnMap":{"0":{"name":"(anonymous_0)","decl":{"start":{"line":5,"column":26},"end":{"line":5,"column":27}},"loc":{"start":{"line":5,"column":52},"end":{"line":26,"column":1}},"line":5},"1":{"name":"(anonymous_1)","decl":{"start":{"line":12,"column":15},"end":{"line":12,"column":16}},"loc":{"start":{"line":12,"column":29},"end":{"line":18,"column":5}},"line":12},"2":{"name":"(anonymous_2)","decl":{"start":{"line":19,"column":14},"end":{"line":19,"column":15}},"loc":{"start":{"line":19,"column":28},"end":{"line":22,"column":5}},"line":19},"3":{"name":"(anonymous_3)","decl":{"start":{"line":23,"column":15},"end":{"line":23,"column":16}},"loc":{"start":{"line":23,"column":29},"end":{"line":23,"column":80}},"line":23},"4":{"name":"(anonymous_4)","decl":{"start":{"line":24,"column":12},"end":{"line":24,"column":13}},"loc":{"start":{"line":24,"column":26},"end":{"line":24,"column":51}},"line":24},"5":{"name":"(anonymous_5)","decl":{"start":{"line":28,"column":20},"end":{"line":28,"column":21}},"loc":{"start":{"line":28,"column":34},"end":{"line":34,"column":1}},"line":28},"6":{"name":"(anonymous_6)","decl":{"start":{"line":36,"column":16},"end":{"line":36,"column":17}},"loc":{"start":{"line":36,"column":44},"end":{"line":48,"column":1}},"line":36},"7":{"name":"(anonymous_7)","decl":{"start":{"line":42,"column":26},"end":{"line":42,"column":27}},"loc":{"start":{"line":42,"column":33},"end":{"line":42,"column":65}},"line":42},"8":{"name":"(anonymous_8)","decl":{"start":{"line":50,"column":17},"end":{"line":50,"column":18}},"loc":{"start":{"line":50,"column":39},"end":{"line":61,"column":1}},"line":50},"9":{"name":"(anonymous_9)","decl":{"start":{"line":52,"column":29},"end":{"line":52,"column":30}},"loc":{"start":{"line":52,"column":36},"end":{"line":58,"column":3}},"line":52},"10":{"name":"(anonymous_10)","decl":{"start":{"line":63,"column":20},"end":{"line":63,"column":21}},"loc":{"start":{"line":63,"column":42},"end":{"line":72,"column":1}},"line":63},"11":{"name":"(anonymous_11)","decl":{"start":{"line":65,"column":19},"end":{"line":65,"column":20}},"loc":{"start":{"line":65,"column":26},"end":{"line":71,"column":3}},"line":65}},"branchMap":{"0":{"loc":{"start":{"line":6,"column":2},"end":{"line":9,"column":3}},"type":"if","locations":[{"start":{"line":6,"column":2},"end":{"line":9,"column":3}},{"start":{"line":6,"column":2},"end":{"line":9,"column":3}}],"line":6},"1":{"loc":{"start":{"line":13,"column":6},"end":{"line":17,"column":7}},"type":"if","locations":[{"start":{"line":13,"column":6},"end":{"line":17,"column":7}},{"start":{"line":13,"column":6},"end":{"line":17,"column":7}}],"line":13},"2":{"loc":{"start":{"line":29,"column":2},"end":{"line":29,"column":38}},"type":"if","locations":[{"start":{"line":29,"column":2},"end":{"line":29,"column":38}},{"start":{"line":29,"column":2},"end":{"line":29,"column":38}}],"line":29},"3":{"loc":{"start":{"line":30,"column":2},"end":{"line":32,"column":3}},"type":"if","locations":[{"start":{"line":30,"column":2},"end":{"line":32,"column":3}},{"start":{"line":30,"column":2},"end":{"line":32,"column":3}}],"line":30},"4":{"loc":{"start":{"line":31,"column":22},"end":{"line":31,"column":72}},"type":"binary-expr","locations":[{"start":{"line":31,"column":22},"end":{"line":31,"column":64}},{"start":{"line":31,"column":68},"end":{"line":31,"column":72}}],"line":31},"5":{"loc":{"start":{"line":36,"column":30},"end":{"line":36,"column":39}},"type":"default-arg","locations":[{"start":{"line":36,"column":38},"end":{"line":36,"column":39}}],"line":36},"6":{"loc":{"start":{"line":38,"column":2},"end":{"line":38,"column":31}},"type":"if","locations":[{"start":{"line":38,"column":2},"end":{"line":38,"column":31}},{"start":{"line":38,"column":2},"end":{"line":38,"column":31}}],"line":38},"7":{"loc":{"start":{"line":43,"column":2},"end":{"line":47,"column":3}},"type":"if","locations":[{"start":{"line":43,"column":2},"end":{"line":47,"column":3}},{"start":{"line":43,"column":2},"end":{"line":47,"column":3}}],"line":43},"8":{"loc":{"start":{"line":53,"column":4},"end":{"line":57,"column":5}},"type":"if","locations":[{"start":{"line":53,"column":4},"end":{"line":57,"column":5}},{"start":{"line":53,"column":4},"end":{"line":57,"column":5}}],"line":53},"9":{"loc":{"start":{"line":59,"column":2},"end":{"line":59,"column":79}},"type":"if","locations":[{"start":{"line":59,"column":2},"end":{"line":59,"column":79}},{"start":{"line":59,"column":2},"end":{"line":59,"column":79}}],"line":59},"10":{"loc":{"start":{"line":64,"column":2},"end":{"line":64,"column":29}},"type":"if","locations":[{"start":{"line":64,"column":2},"end":{"line":64,"column":29}},{"start":{"line":64,"column":2},"end":{"line":64,"column":29}}],"line":64}},"s":{"0":2,"1":2,"2":2,"3":2,"4":4,"5":1,"6":1,"7":3,"8":3,"9":3,"10":1,"11":2,"12":3,"13":3,"14":3,"15":3,"16":2,"17":6,"18":1,"19":5,"20":4,"21":1,"22":2,"23":28,"24":28,"25":8,"26":20,"27":20,"28":20,"29":20,"30":30,"31":20,"32":10,"33":10,"34":2,"35":15,"36":15,"37":28,"38":1,"39":27,"40":15,"41":1,"42":15,"43":2,"44":10,"45":7,"46":3,"47":3,"48":2},"f":{"0":4,"1":3,"2":3,"3":3,"4":3,"5":6,"6":28,"7":30,"8":15,"9":28,"10":10,"11":3},"b":{"0":[1,3],"1":[1,2],"2":[1,5],"3":[4,1],"4":[4,1],"5":[18],"6":[8,20],"7":[10,10],"8":[1,27],"9":[1,14],"10":[7,3]},"_coverageSchema":"332fd63041d2c1bcb487cc26dd0d5f7d97098a6c","hash":"36ed4e6668b28fa0990ce6e45135fa41d9540020"}
,"/Users/cflores/Sites/fishBrain/src/main.js": {"path":"/Users/cflores/Sites/fishBrain/src/main.js","statementMap":{"0":{"start":{"line":1,"column":15},"end":{"line":1,"column":33}},"1":{"start":{"line":2,"column":69},"end":{"line":2,"column":89}},"2":{"start":{"line":3,"column":13},"end":{"line":3,"column":28}},"3":{"start":{"line":7,"column":4},"end":{"line":11,"column":5}},"4":{"start":{"line":8,"column":6},"end":{"line":8,"column":56}},"5":{"start":{"line":10,"column":6},"end":{"line":10,"column":30}},"6":{"start":{"line":12,"column":4},"end":{"line":12,"column":43}},"7":{"start":{"line":13,"column":4},"end":{"line":13,"column":26}},"8":{"start":{"line":16,"column":17},"end":{"line":16,"column":21}},"9":{"start":{"line":17,"column":4},"end":{"line":34,"column":5}},"10":{"start":{"line":18,"column":21},"end":{"line":18,"column":65}},"11":{"start":{"line":18,"column":48},"end":{"line":18,"column":64}},"12":{"start":{"line":19,"column":6},"end":{"line":30,"column":7}},"13":{"start":{"line":20,"column":8},"end":{"line":20,"column":49}},"14":{"start":{"line":21,"column":8},"end":{"line":21,"column":31}},"15":{"start":{"line":23,"column":8},"end":{"line":23,"column":55}},"16":{"start":{"line":24,"column":8},"end":{"line":24,"column":61}},"17":{"start":{"line":24,"column":42},"end":{"line":24,"column":61}},"18":{"start":{"line":25,"column":8},"end":{"line":25,"column":74}},"19":{"start":{"line":26,"column":8},"end":{"line":29,"column":10}},"20":{"start":{"line":27,"column":10},"end":{"line":27,"column":51}},"21":{"start":{"line":27,"column":36},"end":{"line":27,"column":51}},"22":{"start":{"line":28,"column":10},"end":{"line":28,"column":20}},"23":{"start":{"line":32,"column":6},"end":{"line":32,"column":79}},"24":{"start":{"line":33,"column":6},"end":{"line":33,"column":29}},"25":{"start":{"line":35,"column":4},"end":{"line":35,"column":65}},"26":{"start":{"line":36,"column":4},"end":{"line":36,"column":54}},"27":{"start":{"line":37,"column":4},"end":{"line":37,"column":21}},"28":{"start":{"line":40,"column":16},"end":{"line":40,"column":18}},"29":{"start":{"line":41,"column":4},"end":{"line":45,"column":5}},"30":{"start":{"line":42,"column":6},"end":{"line":42,"column":77}},"31":{"start":{"line":44,"column":6},"end":{"line":44,"column":61}},"32":{"start":{"line":46,"column":17},"end":{"line":46,"column":38}},"33":{"start":{"line":47,"column":4},"end":{"line":47,"column":72}},"34":{"start":{"line":47,"column":33},"end":{"line":47,"column":72}},"35":{"start":{"line":48,"column":4},"end":{"line":54,"column":6}},"36":{"start":{"line":49,"column":18},"end":{"line":49,"column":20}},"37":{"start":{"line":50,"column":6},"end":{"line":52,"column":8}},"38":{"start":{"line":51,"column":8},"end":{"line":51,"column":23}},"39":{"start":{"line":53,"column":6},"end":{"line":53,"column":16}},"40":{"start":{"line":57,"column":4},"end":{"line":57,"column":47}},"41":{"start":{"line":57,"column":41},"end":{"line":57,"column":47}},"42":{"start":{"line":58,"column":16},"end":{"line":58,"column":18}},"43":{"start":{"line":59,"column":4},"end":{"line":63,"column":5}},"44":{"start":{"line":60,"column":6},"end":{"line":60,"column":40}},"45":{"start":{"line":62,"column":6},"end":{"line":62,"column":24}},"46":{"start":{"line":64,"column":21},"end":{"line":64,"column":62}},"47":{"start":{"line":64,"column":54},"end":{"line":64,"column":61}},"48":{"start":{"line":65,"column":4},"end":{"line":65,"column":75}},"49":{"start":{"line":65,"column":42},"end":{"line":65,"column":74}},"50":{"start":{"line":66,"column":4},"end":{"line":66,"column":65}},"51":{"start":{"line":67,"column":4},"end":{"line":67,"column":54}},"52":{"start":{"line":70,"column":4},"end":{"line":70,"column":19}},"53":{"start":{"line":71,"column":4},"end":{"line":71,"column":65}},"54":{"start":{"line":75,"column":0},"end":{"line":75,"column":22}}},"fnMap":{"0":{"name":"(anonymous_0)","decl":{"start":{"line":6,"column":2},"end":{"line":6,"column":3}},"loc":{"start":{"line":6,"column":41},"end":{"line":14,"column":3}},"line":6},"1":{"name":"(anonymous_1)","decl":{"start":{"line":15,"column":2},"end":{"line":15,"column":3}},"loc":{"start":{"line":15,"column":13},"end":{"line":38,"column":3}},"line":15},"2":{"name":"(anonymous_2)","decl":{"start":{"line":18,"column":37},"end":{"line":18,"column":38}},"loc":{"start":{"line":18,"column":48},"end":{"line":18,"column":64}},"line":18},"3":{"name":"(anonymous_3)","decl":{"start":{"line":26,"column":36},"end":{"line":26,"column":37}},"loc":{"start":{"line":26,"column":43},"end":{"line":29,"column":9}},"line":26},"4":{"name":"(anonymous_4)","decl":{"start":{"line":39,"column":2},"end":{"line":39,"column":3}},"loc":{"start":{"line":39,"column":31},"end":{"line":55,"column":3}},"line":39},"5":{"name":"(anonymous_5)","decl":{"start":{"line":48,"column":20},"end":{"line":48,"column":21}},"loc":{"start":{"line":48,"column":27},"end":{"line":54,"column":5}},"line":48},"6":{"name":"(anonymous_6)","decl":{"start":{"line":50,"column":25},"end":{"line":50,"column":26}},"loc":{"start":{"line":50,"column":30},"end":{"line":52,"column":7}},"line":50},"7":{"name":"(anonymous_7)","decl":{"start":{"line":56,"column":2},"end":{"line":56,"column":3}},"loc":{"start":{"line":56,"column":19},"end":{"line":68,"column":3}},"line":56},"8":{"name":"(anonymous_8)","decl":{"start":{"line":64,"column":47},"end":{"line":64,"column":48}},"loc":{"start":{"line":64,"column":54},"end":{"line":64,"column":61}},"line":64},"9":{"name":"(anonymous_9)","decl":{"start":{"line":65,"column":35},"end":{"line":65,"column":36}},"loc":{"start":{"line":65,"column":42},"end":{"line":65,"column":74}},"line":65},"10":{"name":"(anonymous_10)","decl":{"start":{"line":69,"column":2},"end":{"line":69,"column":3}},"loc":{"start":{"line":69,"column":11},"end":{"line":72,"column":3}},"line":69}},"branchMap":{"0":{"loc":{"start":{"line":6,"column":25},"end":{"line":6,"column":39}},"type":"default-arg","locations":[{"start":{"line":6,"column":35},"end":{"line":6,"column":39}}],"line":6},"1":{"loc":{"start":{"line":7,"column":4},"end":{"line":11,"column":5}},"type":"if","locations":[{"start":{"line":7,"column":4},"end":{"line":11,"column":5}},{"start":{"line":7,"column":4},"end":{"line":11,"column":5}}],"line":7},"2":{"loc":{"start":{"line":17,"column":4},"end":{"line":34,"column":5}},"type":"if","locations":[{"start":{"line":17,"column":4},"end":{"line":34,"column":5}},{"start":{"line":17,"column":4},"end":{"line":34,"column":5}}],"line":17},"3":{"loc":{"start":{"line":19,"column":6},"end":{"line":30,"column":7}},"type":"if","locations":[{"start":{"line":19,"column":6},"end":{"line":30,"column":7}},{"start":{"line":19,"column":6},"end":{"line":30,"column":7}}],"line":19},"4":{"loc":{"start":{"line":24,"column":8},"end":{"line":24,"column":61}},"type":"if","locations":[{"start":{"line":24,"column":8},"end":{"line":24,"column":61}},{"start":{"line":24,"column":8},"end":{"line":24,"column":61}}],"line":24},"5":{"loc":{"start":{"line":27,"column":10},"end":{"line":27,"column":51}},"type":"if","locations":[{"start":{"line":27,"column":10},"end":{"line":27,"column":51}},{"start":{"line":27,"column":10},"end":{"line":27,"column":51}}],"line":27},"6":{"loc":{"start":{"line":39,"column":14},"end":{"line":39,"column":29}},"type":"default-arg","locations":[{"start":{"line":39,"column":27},"end":{"line":39,"column":29}}],"line":39},"7":{"loc":{"start":{"line":41,"column":4},"end":{"line":45,"column":5}},"type":"if","locations":[{"start":{"line":41,"column":4},"end":{"line":45,"column":5}},{"start":{"line":41,"column":4},"end":{"line":45,"column":5}}],"line":41},"8":{"loc":{"start":{"line":47,"column":4},"end":{"line":47,"column":72}},"type":"if","locations":[{"start":{"line":47,"column":4},"end":{"line":47,"column":72}},{"start":{"line":47,"column":4},"end":{"line":47,"column":72}}],"line":47},"9":{"loc":{"start":{"line":56,"column":7},"end":{"line":56,"column":17}},"type":"default-arg","locations":[{"start":{"line":56,"column":15},"end":{"line":56,"column":17}}],"line":56},"10":{"loc":{"start":{"line":57,"column":4},"end":{"line":57,"column":47}},"type":"if","locations":[{"start":{"line":57,"column":4},"end":{"line":57,"column":47}},{"start":{"line":57,"column":4},"end":{"line":57,"column":47}}],"line":57},"11":{"loc":{"start":{"line":59,"column":4},"end":{"line":63,"column":5}},"type":"if","locations":[{"start":{"line":59,"column":4},"end":{"line":63,"column":5}},{"start":{"line":59,"column":4},"end":{"line":63,"column":5}}],"line":59}},"s":{"0":1,"1":1,"2":1,"3":3,"4":2,"5":1,"6":3,"7":3,"8":7,"9":7,"10":3,"11":7,"12":3,"13":1,"14":1,"15":2,"16":2,"17":1,"18":1,"19":1,"20":2,"21":1,"22":1,"23":4,"24":4,"25":6,"26":6,"27":6,"28":13,"29":13,"30":1,"31":12,"32":13,"33":13,"34":12,"35":1,"36":1,"37":1,"38":1,"39":1,"40":4,"41":2,"42":2,"43":2,"44":1,"45":1,"46":2,"47":1,"48":2,"49":4,"50":2,"51":2,"52":1,"53":1,"54":1},"f":{"0":3,"1":7,"2":7,"3":2,"4":13,"5":1,"6":1,"7":4,"8":1,"9":4,"10":1},"b":{"0":[2],"1":[2,1],"2":[3,4],"3":[1,2],"4":[1,1],"5":[1,1],"6":[12],"7":[1,12],"8":[12,1],"9":[1],"10":[2,2],"11":[1,1]},"_coverageSchema":"332fd63041d2c1bcb487cc26dd0d5f7d97098a6c","hash":"6c6182fb58f876d82ac91fb13aa349506009f0de"}
}
