TN:
SF:/Users/cflores/Sites/fishBrain/src/bigFish.js
FN:5,(anonymous_0)
FN:8,(anonymous_1)
FN:15,(anonymous_2)
FN:19,(anonymous_3)
FN:20,(anonymous_4)
FN:24,(anonymous_5)
FN:31,(anonymous_6)
FN:37,(anonymous_7)
FN:45,(anonymous_8)
FN:47,(anonymous_9)
FNF:10
FNH:10
FNDA:3,(anonymous_0)
FNDA:3,(anonymous_1)
FNDA:3,(anonymous_2)
FNDA:3,(anonymous_3)
FNDA:3,(anonymous_4)
FNDA:5,(anonymous_5)
FNDA:23,(anonymous_6)
FNDA:26,(anonymous_7)
FNDA:13,(anonymous_8)
FNDA:25,(anonymous_9)
DA:1,2
DA:2,2
DA:3,2
DA:5,2
DA:6,3
DA:7,3
DA:9,3
DA:10,1
DA:12,2
DA:16,3
DA:17,3
DA:19,3
DA:20,3
DA:24,2
DA:25,5
DA:26,4
DA:28,1
DA:31,2
DA:32,23
DA:33,23
DA:34,16
DA:35,16
DA:36,16
DA:37,26
DA:38,16
DA:39,8
DA:41,8
DA:45,2
DA:46,13
DA:47,13
DA:48,25
DA:49,1
DA:51,24
DA:54,13
DA:55,13
DA:58,2
LF:36
LH:36
BRDA:9,0,0,1
BRDA:9,0,1,2
BRDA:25,1,0,4
BRDA:25,1,1,1
BRDA:26,2,0,4
BRDA:26,2,1,1
BRDA:31,3,0,15
BRDA:33,4,0,7
BRDA:33,4,1,16
BRDA:38,5,0,8
BRDA:38,5,1,8
BRDA:48,6,0,1
BRDA:48,6,1,24
BRDA:54,7,0,1
BRDA:54,7,1,12
BRF:15
BRH:15
end_of_record
TN:
SF:/Users/cflores/Sites/fishBrain/src/main.js
FN:6,(anonymous_0)
FN:10,(anonymous_1)
FN:13,(anonymous_2)
FN:18,(anonymous_3)
FN:20,(anonymous_4)
FN:32,(anonymous_5)
FN:36,(anonymous_6)
FN:38,(anonymous_7)
FN:44,(anonymous_8)
FN:46,(anonymous_9)
FN:47,(anonymous_10)
FN:50,(anonymous_11)
FNF:12
FNH:12
FNDA:1,(anonymous_0)
FNDA:4,(anonymous_1)
FNDA:4,(anonymous_2)
FNDA:2,(anonymous_3)
FNDA:2,(anonymous_4)
FNDA:11,(anonymous_5)
FNDA:1,(anonymous_6)
FNDA:1,(anonymous_7)
FNDA:3,(anonymous_8)
FNDA:1,(anonymous_9)
FNDA:3,(anonymous_10)
FNDA:1,(anonymous_11)
DA:1,1
DA:2,1
DA:3,1
DA:7,1
DA:8,1
DA:11,4
DA:12,4
DA:13,4
DA:14,2
DA:15,1
DA:16,1
DA:18,2
DA:19,1
DA:20,1
DA:21,2
DA:22,1
DA:26,2
DA:27,2
DA:29,4
DA:30,4
DA:33,11
DA:34,11
DA:35,11
DA:36,1
DA:37,1
DA:38,1
DA:39,1
DA:41,1
DA:45,3
DA:46,1
DA:47,3
DA:48,1
DA:51,1
DA:52,1
DA:56,1
LF:35
LH:35
BRDA:12,0,0,2
BRDA:12,0,1,2
BRDA:14,1,0,1
BRDA:14,1,1,1
BRDA:21,2,0,1
BRDA:21,2,1,1
BRDA:32,3,0,10
BRDA:35,4,0,10
BRDA:35,4,1,1
BRDA:44,5,0,1
BRDA:45,6,0,2
BRDA:45,6,1,1
BRF:12
BRH:12
end_of_record
