TN:
SF:/Users/cflores/Sites/fishBrain/src/bigFish.js
FN:5,(anonymous_0)
FN:12,(anonymous_1)
FN:19,(anonymous_2)
FN:23,(anonymous_3)
FN:24,(anonymous_4)
FN:28,(anonymous_5)
FN:36,(anonymous_6)
FN:42,(anonymous_7)
FN:50,(anonymous_8)
FN:52,(anonymous_9)
FNF:10
FNH:10
FNDA:4,(anonymous_0)
FNDA:3,(anonymous_1)
FNDA:3,(anonymous_2)
FNDA:3,(anonymous_3)
FNDA:3,(anonymous_4)
FNDA:6,(anonymous_5)
FNDA:23,(anonymous_6)
FNDA:26,(anonymous_7)
FNDA:13,(anonymous_8)
FNDA:25,(anonymous_9)
DA:1,2
DA:2,2
DA:3,2
DA:5,2
DA:6,4
DA:7,1
DA:8,1
DA:10,3
DA:11,3
DA:13,3
DA:14,1
DA:16,2
DA:20,3
DA:21,3
DA:23,3
DA:24,3
DA:28,2
DA:29,6
DA:30,5
DA:31,4
DA:33,1
DA:36,2
DA:37,23
DA:38,23
DA:39,16
DA:40,16
DA:41,16
DA:42,26
DA:43,16
DA:44,8
DA:46,8
DA:50,2
DA:51,13
DA:52,13
DA:53,25
DA:54,1
DA:56,24
DA:59,13
DA:60,13
DA:63,2
LF:40
LH:40
BRDA:6,0,0,1
BRDA:6,0,1,3
BRDA:13,1,0,1
BRDA:13,1,1,2
BRDA:29,2,0,1
BRDA:29,2,1,5
BRDA:30,3,0,4
BRDA:30,3,1,1
BRDA:31,4,0,4
BRDA:31,4,1,1
BRDA:36,5,0,15
BRDA:38,6,0,7
BRDA:38,6,1,16
BRDA:43,7,0,8
BRDA:43,7,1,8
BRDA:53,8,0,1
BRDA:53,8,1,24
BRDA:59,9,0,1
BRDA:59,9,1,12
BRF:19
BRH:19
end_of_record
TN:
SF:/Users/cflores/Sites/fishBrain/src/main.js
FN:6,(anonymous_0)
FN:14,(anonymous_1)
FN:17,(anonymous_2)
FN:22,(anonymous_3)
FN:24,(anonymous_4)
FN:36,(anonymous_5)
FN:40,(anonymous_6)
FN:42,(anonymous_7)
FN:48,(anonymous_8)
FN:50,(anonymous_9)
FN:51,(anonymous_10)
FN:54,(anonymous_11)
FNF:12
FNH:12
FNDA:2,(anonymous_0)
FNDA:5,(anonymous_1)
FNDA:4,(anonymous_2)
FNDA:2,(anonymous_3)
FNDA:2,(anonymous_4)
FNDA:11,(anonymous_5)
FNDA:1,(anonymous_6)
FNDA:1,(anonymous_7)
FNDA:3,(anonymous_8)
FNDA:1,(anonymous_9)
FNDA:3,(anonymous_10)
FNDA:1,(anonymous_11)
DA:1,1
DA:2,1
DA:3,1
DA:7,2
DA:8,1
DA:10,1
DA:12,2
DA:15,5
DA:16,5
DA:17,4
DA:18,2
DA:19,1
DA:20,1
DA:22,2
DA:23,1
DA:24,1
DA:25,2
DA:26,1
DA:30,3
DA:31,3
DA:33,5
DA:34,5
DA:37,11
DA:38,11
DA:39,11
DA:40,1
DA:41,1
DA:42,1
DA:43,1
DA:45,1
DA:49,3
DA:50,1
DA:51,3
DA:52,1
DA:55,1
DA:56,1
DA:60,1
LF:37
LH:37
BRDA:7,0,0,1
BRDA:7,0,1,1
BRDA:16,1,0,2
BRDA:16,1,1,3
BRDA:18,2,0,1
BRDA:18,2,1,1
BRDA:25,3,0,1
BRDA:25,3,1,1
BRDA:36,4,0,10
BRDA:39,5,0,10
BRDA:39,5,1,1
BRDA:48,6,0,1
BRDA:49,7,0,2
BRDA:49,7,1,1
BRF:14
BRH:14
end_of_record
